<?xml version="1.0" encoding="UTF-8"?>
<!-- Generated by org.testng.reporters.JUnitXMLReporter -->
<testsuite ignored="0" hostname="DESKTOP-24CUK9I" failures="0" tests="3" name="Default test" time="9.142" errors="0" timestamp="2024-03-22T15:48:37 IST">
  <testcase classname="api.tests.UserTests" name="testPostUser" time="3.724"/>
  <testcase classname="api.tests.UserTests" name="getUser" time="1.724"/>
  <testcase classname="api.tests.UserTests" name="updateUser" time="3.494"/>
</testsuite> <!-- Default test -->
