<?xml version="1.0" encoding="UTF-8"?>
<testng-results ignored="0" total="3" passed="3" failed="0" skipped="0">
  <reporter-output>
  </reporter-output>
  <suite started-at="2024-03-22T15:48:28 IST" name="Default suite" finished-at="2024-03-22T15:48:37 IST" duration-ms="9142">
    <groups>
    </groups>
    <test started-at="2024-03-22T15:48:28 IST" name="Default test" finished-at="2024-03-22T15:48:37 IST" duration-ms="9142">
      <class name="api.tests.UserTests">
        <test-method is-config="true" signature="setUserData()[pri:0, instance:api.tests.UserTests@47d9a273]" started-at="2024-03-22T15:48:28 IST" name="setUserData" finished-at="2024-03-22T15:48:28 IST" duration-ms="163" status="PASS">
          <reporter-output>
          </reporter-output>
        </test-method> <!-- setUserData -->
        <test-method signature="testPostUser()[pri:1, instance:api.tests.UserTests@47d9a273]" started-at="2024-03-22T15:48:28 IST" name="testPostUser" finished-at="2024-03-22T15:48:32 IST" duration-ms="3724" status="PASS">
          <reporter-output>
          </reporter-output>
        </test-method> <!-- testPostUser -->
        <test-method signature="getUser()[pri:2, instance:api.tests.UserTests@47d9a273]" started-at="2024-03-22T15:48:32 IST" name="getUser" finished-at="2024-03-22T15:48:33 IST" duration-ms="1724" status="PASS">
          <reporter-output>
          </reporter-output>
        </test-method> <!-- getUser -->
        <test-method signature="updateUser()[pri:3, instance:api.tests.UserTests@47d9a273]" started-at="2024-03-22T15:48:33 IST" name="updateUser" finished-at="2024-03-22T15:48:37 IST" duration-ms="3494" status="PASS">
          <reporter-output>
          </reporter-output>
        </test-method> <!-- updateUser -->
      </class> <!-- api.tests.UserTests -->
    </test> <!-- Default test -->
  </suite> <!-- Default suite -->
</testng-results>
